#
# A fatal error has been detected by the Java Runtime Environment:
#
#  Internal Error (0xc06d007e), pid=26800, tid=30104
#
# JRE version: Java(TM) SE Runtime Environment (8.0_45-b15) (build 1.8.0_45-b15)
# Java VM: Java HotSpot(TM) 64-Bit Server VM (25.45-b02 mixed mode windows-amd64 compressed oops)
# Problematic frame:
# C  [KERNELBASE.dll+0x1a06d]
#
# Failed to write core dump. Minidumps are not enabled by default on client versions of Windows
#
# If you would like to submit a bug report, please visit:
#   http://bugreport.java.com/bugreport/crash.jsp
# The crash happened outside the Java Virtual Machine in native code.
# See problematic frame for where to report the bug.
#

---------------  T H R E A D  ---------------

Current thread (0x0000000059782000):  JavaThread "AWT-EventQueue-0" [_thread_in_native, id=30104, stack(0x0000000058ca0000,0x0000000058da0000)]

siginfo: ExceptionCode=0xc06d007e, ExceptionInformation=0x0000000058d9ccf0 

Registers:
RAX=0x0000000014409a41, RBX=0x0000000000000000, RCX=0x0000000058d9c5f0, RDX=0x0000000000000160
RSP=0x0000000058d9cc00, RBP=0x0000000058d9cd48, RSI=0x000000000000016f, RDI=0x0000000000000000
R8 =0x0000000000000000, R9 =0x0000000000000000, R10=0x00000000c0000135, R11=0x0000000058d9cc40
R12=0x000007feeda42a40, R13=0x000007feeda36680, R14=0x000007feeda31e6c, R15=0x000007feeda46b90
RIP=0x000007fefd93a06d, EFLAGS=0x0000000000000206

Top of Stack: (sp=0x0000000058d9cc00)
0x0000000058d9cc00:   0000000000000000 000000000000016f
0x0000000058d9cc10:   0000000000000000 0000000000000000
0x0000000058d9cc20:   00000000c06d007e 0000000000000000
0x0000000058d9cc30:   000007fefd93a06d 0000000000000001
0x0000000058d9cc40:   0000000058d9ccf0 000000007792f9d8
0x0000000058d9cc50:   0000000000000000 0000000058d9cd48
0x0000000058d9cc60:   000007feeda42a40 000000000000016f
0x0000000058d9cc70:   0000000000000000 000007fefd92c7af
0x0000000058d9cc80:   0000000000000000 0000000000000000
0x0000000058d9cc90:   0000001800000000 0000000000000001
0x0000000058d9cca0:   0000000000000000 0000000000000000
0x0000000058d9ccb0:   0000000000090008 000007feeda2c000
0x0000000058d9ccc0:   0000000000000000 000007feeda23c05
0x0000000058d9ccd0:   0000000000000000 0000000058615fb0
0x0000000058d9cce0:   000000005970fd80 000000005f188c51
0x0000000058d9ccf0:   0000000000000048 000007feeda31e6c 

Instructions: (pc=0x000007fefd93a06d)
0x000007fefd93a04d:   54 24 24 48 89 4c 24 28 4d 85 c9 0f 85 6a 03 00
0x000007fefd93a05d:   00 89 4c 24 38 48 8d 4c 24 20 ff 15 33 02 03 00
0x000007fefd93a06d:   48 81 c4 c8 00 00 00 c3 90 90 90 90 90 90 90 90
0x000007fefd93a07d:   90 90 90 48 83 ec 28 65 48 8b 04 25 30 00 00 00 


Register to memory mapping:

RAX=0x0000000014409a41 is an unknown value
RBX=0x0000000000000000 is an unknown value
RCX=0x0000000058d9c5f0 is pointing into the stack for thread: 0x0000000059782000
RDX=0x0000000000000160 is an unknown value
RSP=0x0000000058d9cc00 is pointing into the stack for thread: 0x0000000059782000
RBP=0x0000000058d9cd48 is pointing into the stack for thread: 0x0000000059782000
RSI=0x000000000000016f is an unknown value
RDI=0x0000000000000000 is an unknown value
R8 =0x0000000000000000 is an unknown value
R9 =0x0000000000000000 is an unknown value
R10=0x00000000c0000135 is an unallocated location in the heap
R11=0x0000000058d9cc40 is pointing into the stack for thread: 0x0000000059782000
R12=0x000007feeda42a40 is an unknown value
R13=0x000007feeda36680 is an unknown value
R14=0x000007feeda31e6c is an unknown value
R15=0x000007feeda46b90 is an unknown value


Stack: [0x0000000058ca0000,0x0000000058da0000],  sp=0x0000000058d9cc00,  free space=1011k
Native frames: (J=compiled Java code, j=interpreted, Vv=VM code, C=native code)
C  [KERNELBASE.dll+0x1a06d]
C  [LeapJava.dll+0x13c05]
C  [LeapJava.dll+0x12900]
C  [LeapJava.dll+0x1a59]
C  0x00000000025e5e14

Java frames: (J=compiled Java code, j=interpreted, Vv=VM code)
j  com.leapmotion.leap.LeapJNI.new_Listener()J+0
j  com.leapmotion.leap.Listener.<init>()V+1
j  DrawMultiFigureD.<init>()V+1
j  DrawMultiFigure.startKey()V+80
j  DrawMultiFigure.actionPerformed(Ljava/awt/event/ActionEvent;)V+12
j  javax.swing.AbstractButton.fireActionPerformed(Ljava/awt/event/ActionEvent;)V+83
j  javax.swing.AbstractButton$Handler.actionPerformed(Ljava/awt/event/ActionEvent;)V+5
j  javax.swing.DefaultButtonModel.fireActionPerformed(Ljava/awt/event/ActionEvent;)V+34
j  javax.swing.DefaultButtonModel.setPressed(Z)V+117
j  javax.swing.plaf.basic.BasicButtonListener.mouseReleased(Ljava/awt/event/MouseEvent;)V+35
j  java.awt.Component.processMouseEvent(Ljava/awt/event/MouseEvent;)V+64
j  javax.swing.JComponent.processMouseEvent(Ljava/awt/event/MouseEvent;)V+23
j  java.awt.Component.processEvent(Ljava/awt/AWTEvent;)V+81
j  java.awt.Container.processEvent(Ljava/awt/AWTEvent;)V+18
j  java.awt.Component.dispatchEventImpl(Ljava/awt/AWTEvent;)V+589
J 822 C1 java.awt.Container.dispatchEventImpl(Ljava/awt/AWTEvent;)V (129 bytes) @ 0x0000000002895a04 [0x00000000028958c0+0x144]
j  java.awt.Component.dispatchEvent(Ljava/awt/AWTEvent;)V+2
j  java.awt.LightweightDispatcher.retargetMouseEvent(Ljava/awt/Component;ILjava/awt/event/MouseEvent;)V+327
j  java.awt.LightweightDispatcher.processMouseEvent(Ljava/awt/event/MouseEvent;)Z+143
j  java.awt.LightweightDispatcher.dispatchEvent(Ljava/awt/AWTEvent;)Z+50
J 822 C1 java.awt.Container.dispatchEventImpl(Ljava/awt/AWTEvent;)V (129 bytes) @ 0x00000000028959a4 [0x00000000028958c0+0xe4]
j  java.awt.Window.dispatchEventImpl(Ljava/awt/AWTEvent;)V+19
J 821 C1 java.awt.EventQueue.dispatchEventImpl(Ljava/awt/AWTEvent;Ljava/lang/Object;)V (149 bytes) @ 0x00000000028946cc [0x0000000002892f00+0x17cc]
J 819 C1 java.awt.EventQueue$3.run()Ljava/lang/Void; (60 bytes) @ 0x0000000002892304 [0x0000000002892100+0x204]
J 818 C1 java.awt.EventQueue$3.run()Ljava/lang/Object; (5 bytes) @ 0x0000000002891d8c [0x0000000002891d00+0x8c]
v  ~StubRoutines::call_stub
J 622  java.security.AccessController.doPrivileged(Ljava/security/PrivilegedAction;Ljava/security/AccessControlContext;)Ljava/lang/Object; (0 bytes) @ 0x000000000281fba6 [0x000000000281fb40+0x66]
J 629 C1 java.security.ProtectionDomain$1.doIntersectionPrivilege(Ljava/security/PrivilegedAction;Ljava/security/AccessControlContext;Ljava/security/AccessControlContext;)Ljava/lang/Object; (32 bytes) @ 0x0000000002824aec [0x0000000002824800+0x2ec]
j  java.security.ProtectionDomain$1.doIntersectionPrivilege(Ljava/security/PrivilegedAction;Ljava/security/AccessControlContext;)Ljava/lang/Object;+6
j  java.awt.EventQueue$4.run()Ljava/lang/Void;+11
j  java.awt.EventQueue$4.run()Ljava/lang/Object;+1
v  ~StubRoutines::call_stub
J 622  java.security.AccessController.doPrivileged(Ljava/security/PrivilegedAction;Ljava/security/AccessControlContext;)Ljava/lang/Object; (0 bytes) @ 0x000000000281fba6 [0x000000000281fb40+0x66]
J 773 C1 java.awt.EventQueue.dispatchEvent(Ljava/awt/AWTEvent;)V (80 bytes) @ 0x0000000002874804 [0x0000000002873b80+0xc84]
J 777 C1 java.awt.EventDispatchThread.pumpOneEventForFilters(I)V (295 bytes) @ 0x00000000028780b4 [0x00000000028765c0+0x1af4]
j  java.awt.EventDispatchThread.pumpEventsForFilter(ILjava/awt/Conditional;Ljava/awt/EventFilter;)V+35
j  java.awt.EventDispatchThread.pumpEventsForHierarchy(ILjava/awt/Conditional;Ljava/awt/Component;)V+11
j  java.awt.EventDispatchThread.pumpEvents(ILjava/awt/Conditional;)V+4
j  java.awt.EventDispatchThread.pumpEvents(Ljava/awt/Conditional;)V+3
j  java.awt.EventDispatchThread.run()V+9
v  ~StubRoutines::call_stub

---------------  P R O C E S S  ---------------

Java Threads: ( => current thread )
  0x0000000059986000 JavaThread "TimerQueue" daemon [_thread_blocked, id=19604, stack(0x000000005afe0000,0x000000005b0e0000)]
  0x000000000206d800 JavaThread "DestroyJavaVM" [_thread_blocked, id=18240, stack(0x00000000024d0000,0x00000000025d0000)]
=>0x0000000059782000 JavaThread "AWT-EventQueue-0" [_thread_in_native, id=30104, stack(0x0000000058ca0000,0x0000000058da0000)]
  0x00000000589be800 JavaThread "AWT-Windows" daemon [_thread_in_native, id=19172, stack(0x000000005a210000,0x000000005a310000)]
  0x00000000589bd800 JavaThread "AWT-Shutdown" [_thread_blocked, id=25632, stack(0x000000005a040000,0x000000005a140000)]
  0x00000000589bc800 JavaThread "Java2D Disposer" daemon [_thread_blocked, id=21620, stack(0x0000000059e90000,0x0000000059f90000)]
  0x000000005866c000 JavaThread "Service Thread" daemon [_thread_blocked, id=23188, stack(0x00000000592a0000,0x00000000593a0000)]
  0x00000000585f9000 JavaThread "C1 CompilerThread2" daemon [_thread_blocked, id=24104, stack(0x00000000590e0000,0x00000000591e0000)]
  0x00000000585f8000 JavaThread "C2 CompilerThread1" daemon [_thread_blocked, id=33916, stack(0x0000000058f50000,0x0000000059050000)]
  0x00000000585e3000 JavaThread "C2 CompilerThread0" daemon [_thread_blocked, id=9656, stack(0x0000000058de0000,0x0000000058ee0000)]
  0x00000000585e2000 JavaThread "Attach Listener" daemon [_thread_blocked, id=6600, stack(0x0000000058b70000,0x0000000058c70000)]
  0x00000000585df800 JavaThread "Signal Dispatcher" daemon [_thread_blocked, id=29632, stack(0x00000000589d0000,0x0000000058ad0000)]
  0x00000000572fe800 JavaThread "Finalizer" daemon [_thread_blocked, id=30496, stack(0x0000000058190000,0x0000000058290000)]
  0x00000000572f7800 JavaThread "Reference Handler" daemon [_thread_blocked, id=18752, stack(0x00000000584c0000,0x00000000585c0000)]

Other Threads:
  0x00000000572f2000 VMThread [stack: 0x0000000058310000,0x0000000058410000] [id=21632]
  0x0000000058671000 WatcherThread [stack: 0x00000000594e0000,0x00000000595e0000] [id=20724]

VM state:not at safepoint (normal execution)

VM Mutex/Monitor currently owned by a thread: None

Heap:
 PSYoungGen      total 38400K, used 17790K [0x00000000d5f00000, 0x00000000d8980000, 0x0000000100000000)
  eden space 33280K, 53% used [0x00000000d5f00000,0x00000000d705f940,0x00000000d7f80000)
  from space 5120K, 0% used [0x00000000d8480000,0x00000000d8480000,0x00000000d8980000)
  to   space 5120K, 0% used [0x00000000d7f80000,0x00000000d7f80000,0x00000000d8480000)
 ParOldGen       total 87552K, used 0K [0x0000000081c00000, 0x0000000087180000, 0x00000000d5f00000)
  object space 87552K, 0% used [0x0000000081c00000,0x0000000081c00000,0x0000000087180000)
 Metaspace       used 12140K, capacity 12344K, committed 12672K, reserved 1060864K
  class space    used 1496K, capacity 1572K, committed 1664K, reserved 1048576K

Card table byte_map: [0x0000000011990000,0x0000000011d90000] byte_map_base: 0x0000000011582000

Marking Bits: (ParMarkBitMap*) 0x000000005f7b4040
 Begin Bits: [0x0000000012640000, 0x00000000145d0000)
 End Bits:   [0x00000000145d0000, 0x0000000016560000)

Polling page: 0x0000000000250000

CodeCache: size=245760Kb used=2955Kb max_used=2967Kb free=242804Kb
 bounds [0x00000000025d0000, 0x00000000028c0000, 0x00000000115d0000]
 total_blobs=1371 nmethods=865 adapters=419
 compilation: enabled

Compilation events (10 events):
Event: 12.633 Thread 0x00000000585f9000 nmethod 861 0x00000000028b04d0 code [0x00000000028b0620, 0x00000000028b0770]
Event: 12.633 Thread 0x00000000585f9000  862       3       java.awt.geom.AffineTransform::getScaleY (5 bytes)
Event: 12.634 Thread 0x00000000585f9000 nmethod 862 0x00000000028b07d0 code [0x00000000028b0920, 0x00000000028b0a70]
Event: 12.639 Thread 0x00000000585e3000 nmethod 860 0x00000000028b39d0 code [0x00000000028b3b40, 0x00000000028b3e18]
Event: 12.818 Thread 0x00000000585f8000  863       4       java.lang.String::replace (127 bytes)
Event: 12.826 Thread 0x00000000585f9000  865       1       java.net.URL::getQuery (5 bytes)
Event: 12.827 Thread 0x00000000585f9000 nmethod 865 0x00000000028b1890 code [0x00000000028b19e0, 0x00000000028b1af0]
Event: 12.827 Thread 0x00000000585e3000  864 %     4       sun.security.provider.SHA::implCompress @ 279 (491 bytes)
Event: 12.844 Thread 0x00000000585f8000 nmethod 863 0x00000000028b1110 code [0x00000000028b1260, 0x00000000028b16d8]
Event: 12.854 Thread 0x00000000585e3000 nmethod 864% 0x00000000028b5410 code [0x00000000028b5560, 0x00000000028b5b18]

GC Heap History (0 events):
No events

Deoptimization events (5 events):
Event: 1.613 Thread 0x000000000206d800 Uncommon trap: reason=unstable_if action=reinterpret pc=0x0000000002753f38 method=java.lang.String.indexOf([CII[CIII)I @ 134
Event: 7.402 Thread 0x0000000059782000 Uncommon trap: reason=class_check action=maybe_recompile pc=0x0000000002750c18 method=java.lang.String.equals(Ljava/lang/Object;)Z @ 8
Event: 7.402 Thread 0x0000000059782000 Uncommon trap: reason=class_check action=maybe_recompile pc=0x0000000002750c18 method=java.lang.String.equals(Ljava/lang/Object;)Z @ 8
Event: 7.486 Thread 0x0000000059782000 Uncommon trap: reason=class_check action=maybe_recompile pc=0x0000000002750c18 method=java.lang.String.equals(Ljava/lang/Object;)Z @ 8
Event: 7.486 Thread 0x0000000059782000 Uncommon trap: reason=class_check action=maybe_recompile pc=0x0000000002750c18 method=java.lang.String.equals(Ljava/lang/Object;)Z @ 8

Internal exceptions (10 events):
Event: 0.219 Thread 0x000000000206d800 Exception <a 'java/lang/NoSuchMethodError': Method sun.misc.Unsafe.defineClass(Ljava/lang/String;[BII)Ljava/lang/Class; name or signature does not match> (0x00000000d5f12f38) thrown at [C:\re\workspace\8-2-build-windows-amd64-cygwin\jdk8u45\3627\hotspot\srÈñ"4è˘À?
Event: 0.219 Thread 0x000000000206d800 Exception <a 'java/lang/NoSuchMethodError': Method sun.misc.Unsafe.prefetchRead(Ljava/lang/Object;J)V name or signature does not match> (0x00000000d5f131c8) thrown at [C:\re\workspace\8-2-build-windows-amd64-cygwin\jdk8u45\3627\hotspot\src\share\vm\prims\j‘2ﬂ˛˙PË?
Event: 0.760 Thread 0x000000000206d800 Exception <a 'java/security/PrivilegedActionException'> (0x00000000d60afde8) thrown at [C:\re\workspace\8-2-build-windows-amd64-cygwin\jdk8u45\3627\hotspot\src\share\vm\prims\jvm.cpp, line 1382]
Event: 0.760 Thread 0x000000000206d800 Exception <a 'java/security/PrivilegedActionException'> (0x00000000d60affa0) thrown at [C:\re\workspace\8-2-build-windows-amd64-cygwin\jdk8u45\3627\hotspot\src\share\vm\prims\jvm.cpp, line 1382]
Event: 0.761 Thread 0x000000000206d800 Exception <a 'java/security/PrivilegedActionException'> (0x00000000d60b3a98) thrown at [C:\re\workspace\8-2-build-windows-amd64-cygwin\jdk8u45\3627\hotspot\src\share\vm\prims\jvm.cpp, line 1382]
Event: 0.761 Thread 0x000000000206d800 Exception <a 'java/security/PrivilegedActionException'> (0x00000000d60b3c50) thrown at [C:\re\workspace\8-2-build-windows-amd64-cygwin\jdk8u45\3627\hotspot\src\share\vm\prims\jvm.cpp, line 1382]
Event: 1.098 Thread 0x000000000206d800 Exception <a 'java/io/FileNotFoundException'> (0x00000000d60b62d0) thrown at [C:\re\workspace\8-2-build-windows-amd64-cygwin\jdk8u45\3627\hotspot\src\share\vm\prims\jni.cpp, line 709]
Event: 1.302 Thread 0x000000000206d800 Exception <a 'java/io/FileNotFoundException'> (0x00000000d60d6950) thrown at [C:\re\workspace\8-2-build-windows-amd64-cygwin\jdk8u45\3627\hotspot\src\share\vm\prims\jni.cpp, line 709]
Event: 1.408 Thread 0x000000000206d800 Exception <a 'java/lang/NoSuchFieldError': method resolution failed> (0x00000000d6250e58) thrown at [C:\re\workspace\8-2-build-windows-amd64-cygwin\jdk8u45\3627\hotspot\src\share\vm\prims\methodHandles.cpp, line 1125]
Event: 1.410 Thread 0x000000000206d800 Exception <a 'java/lang/NoSuchFieldError': method resolution failed> (0x00000000d625fb70) thrown at [C:\re\workspace\8-2-build-windows-amd64-cygwin\jdk8u45\3627\hotspot\src\share\vm\prims\methodHandles.cpp, line 1125]

Events (10 events):
Event: 10.909 loading class java/awt/geom/PathIterator done
Event: 10.909 loading class java/awt/geom/RectIterator done
Event: 10.922 loading class java/awt/LightweightDispatcher$2
Event: 10.922 loading class java/awt/LightweightDispatcher$2 done
Event: 12.818 loading class com/leapmotion/leap/LeapJNI
Event: 12.818 loading class com/leapmotion/leap/LeapJNI done
Event: 12.824 loading class java/lang/UnsatisfiedLinkError
Event: 12.824 loading class java/lang/UnsatisfiedLinkError done
Event: 12.826 loading class java/lang/ClassLoaderHelper
Event: 12.826 loading class java/lang/ClassLoaderHelper done


Dynamic libraries:
0x000000013f860000 - 0x000000013f897000 	C:\Program Files\Java\jre1.8.0_45\bin\javaw.exe
0x00000000778e0000 - 0x0000000077a8a000 	C:\Windows\SYSTEM32\ntdll.dll
0x000007feeb1d0000 - 0x000007feeb203000 	C:\Program Files\AVAST Software\Avast\x64\aswhooka.dll
0x00000000777c0000 - 0x00000000778df000 	C:\Windows\system32\kernel32.dll
0x000007fefd920000 - 0x000007fefd98a000 	C:\Windows\system32\KERNELBASE.dll
0x000007fefe810000 - 0x000007fefe8eb000 	C:\Windows\system32\ADVAPI32.dll
0x000007fefe740000 - 0x000007fefe7df000 	C:\Windows\system32\msvcrt.dll
0x000007fefeb40000 - 0x000007fefeb5f000 	C:\Windows\SYSTEM32\sechost.dll
0x000007fefe900000 - 0x000007fefea2d000 	C:\Windows\system32\RPCRT4.dll
0x00000000776c0000 - 0x00000000777ba000 	C:\Windows\system32\USER32.dll
0x000007fefe090000 - 0x000007fefe0f7000 	C:\Windows\system32\GDI32.dll
0x000007fefe8f0000 - 0x000007fefe8fe000 	C:\Windows\system32\LPK.dll
0x000007fefe4e0000 - 0x000007fefe5ab000 	C:\Windows\system32\USP10.dll
0x000007fefbe20000 - 0x000007fefc014000 	C:\Windows\WinSxS\amd64_microsoft.windows.common-controls_6595b64144ccf1df_6.0.7601.18837_none_fa3b1e3d17594757\COMCTL32.dll
0x000007fefe110000 - 0x000007fefe181000 	C:\Windows\system32\SHLWAPI.dll
0x000007fefe7e0000 - 0x000007fefe80e000 	C:\Windows\system32\IMM32.DLL
0x000007fefea30000 - 0x000007fefeb39000 	C:\Windows\system32\MSCTF.dll
0x0000000064670000 - 0x0000000064742000 	C:\Program Files\Java\jre1.8.0_45\bin\msvcr100.dll
0x000000005efb0000 - 0x000000005f833000 	C:\Program Files\Java\jre1.8.0_45\bin\server\jvm.dll
0x000007fef9c20000 - 0x000007fef9c29000 	C:\Windows\system32\WSOCK32.dll
0x000007fefe190000 - 0x000007fefe1dd000 	C:\Windows\system32\WS2_32.dll
0x000007fefe100000 - 0x000007fefe108000 	C:\Windows\system32\NSI.dll
0x000007fefb2d0000 - 0x000007fefb30b000 	C:\Windows\system32\WINMM.dll
0x000007fefc4b0000 - 0x000007fefc4bc000 	C:\Windows\system32\VERSION.dll
0x0000000077ab0000 - 0x0000000077ab7000 	C:\Windows\system32\PSAPI.DLL
0x00000000752f0000 - 0x00000000752ff000 	C:\Program Files\Java\jre1.8.0_45\bin\verify.dll
0x0000000074c10000 - 0x0000000074c39000 	C:\Program Files\Java\jre1.8.0_45\bin\java.dll
0x0000000074b90000 - 0x0000000074ba6000 	C:\Program Files\Java\jre1.8.0_45\bin\zip.dll
0x000007fefebc0000 - 0x000007feff94b000 	C:\Windows\system32\SHELL32.dll
0x000007feff950000 - 0x000007feffb4c000 	C:\Windows\system32\ole32.dll
0x000007fefd5e0000 - 0x000007fefd5ef000 	C:\Windows\system32\profapi.dll
0x000000005e970000 - 0x000000005eb08000 	C:\Program Files\Java\jre1.8.0_45\bin\awt.dll
0x000007fefd990000 - 0x000007fefda6a000 	C:\Windows\system32\OLEAUT32.dll
0x000007fefb060000 - 0x000007fefb078000 	C:\Windows\system32\DWMAPI.DLL
0x000007fefd3d0000 - 0x000007fefd3df000 	C:\Windows\system32\CRYPTBASE.dll
0x0000000074ab0000 - 0x0000000074af7000 	C:\Program Files\Java\jre1.8.0_45\bin\fontmanager.dll
0x0000000074b60000 - 0x0000000074b7a000 	C:\Program Files\Java\jre1.8.0_45\bin\net.dll
0x000007fefcdf0000 - 0x000007fefce45000 	C:\Windows\system32\mswsock.dll
0x000007fefcfc0000 - 0x000007fefcfc7000 	C:\Windows\System32\wship6.dll
0x0000000074b10000 - 0x0000000074b21000 	C:\Program Files\Java\jre1.8.0_45\bin\nio.dll
0x0000000002130000 - 0x0000000002195000 	C:\Program Files\ThinkPad\Bluetooth Software\btmmhook.dll
0x000007fefe3c0000 - 0x000007fefe459000 	C:\Windows\system32\CLBCatQ.DLL
0x000007fefad80000 - 0x000007fefaee1000 	C:\Windows\system32\WindowsCodecs.dll
0x000007fefd480000 - 0x000007fefd4d7000 	C:\Windows\system32\apphelp.dll
0x000007feee4c0000 - 0x000007feee64f000 	C:\Users\jingtian\AppData\Local\Microsoft\OneDrive\17.3.5951.0827\amd64\FileSyncShell64.dll
0x000007fef13c0000 - 0x000007fef1466000 	C:\Users\jingtian\AppData\Local\Microsoft\OneDrive\17.3.5951.0827\amd64\MSVCP120.dll
0x000007fef1220000 - 0x000007fef130f000 	C:\Users\jingtian\AppData\Local\Microsoft\OneDrive\17.3.5951.0827\amd64\MSVCR120.dll
0x000007fefda70000 - 0x000007fefdd91000 	C:\Windows\system32\WININET.dll
0x000007fefd900000 - 0x000007fefd904000 	C:\Windows\system32\api-ms-win-downlevel-user32-l1-1-0.dll
0x000007fefd910000 - 0x000007fefd914000 	C:\Windows\system32\api-ms-win-downlevel-shlwapi-l1-1-0.dll
0x000007fefd610000 - 0x000007fefd614000 	C:\Windows\system32\api-ms-win-downlevel-version-l1-1-0.dll
0x000007fefd620000 - 0x000007fefd623000 	C:\Windows\system32\api-ms-win-downlevel-normaliz-l1-1-0.dll
0x0000000077aa0000 - 0x0000000077aa3000 	C:\Windows\system32\normaliz.DLL
0x000007fefddc0000 - 0x000007fefe08a000 	C:\Windows\system32\iertutil.dll
0x000007fefd7f0000 - 0x000007fefd7f5000 	C:\Windows\system32\api-ms-win-downlevel-advapi32-l1-1-0.dll
0x000007fefd5f0000 - 0x000007fefd60e000 	C:\Windows\system32\USERENV.dll
0x000007fef0180000 - 0x000007fef0450000 	C:\Program Files (x86)\Microsoft Office\root\VFS\ProgramFilesX64\Microsoft Office\Office16\GROOVEEX.DLL
0x000007fef0bf0000 - 0x000007fef0c07000 	C:\Windows\system32\VCRUNTIME140.dll
0x000007fef0bc0000 - 0x000007fef0bc4000 	C:\Windows\system32\api-ms-win-crt-runtime-l1-1-0.dll
0x000007fef0ac0000 - 0x000007fef0bb4000 	C:\Windows\system32\ucrtbase.DLL
0x000007fef0ab0000 - 0x000007fef0ab3000 	C:\Windows\system32\api-ms-win-core-timezone-l1-1-0.dll
0x000007fef0aa0000 - 0x000007fef0aa3000 	C:\Windows\system32\api-ms-win-core-file-l2-1-0.dll
0x000007fef0a90000 - 0x000007fef0a93000 	C:\Windows\system32\api-ms-win-core-localization-l1-2-0.dll
0x000007fef87b0000 - 0x000007fef87b3000 	C:\Windows\system32\api-ms-win-core-synch-l1-2-0.dll
0x000007fef0a80000 - 0x000007fef0a83000 	C:\Windows\system32\api-ms-win-core-processthreads-l1-1-1.dll
0x000007fef0a70000 - 0x000007fef0a73000 	C:\Windows\system32\api-ms-win-core-file-l1-2-0.dll
0x000007fef1630000 - 0x000007fef1634000 	C:\Windows\system32\api-ms-win-crt-string-l1-1-0.dll
0x000007fef1620000 - 0x000007fef1623000 	C:\Windows\system32\api-ms-win-crt-heap-l1-1-0.dll
0x000007fef1610000 - 0x000007fef1614000 	C:\Windows\system32\api-ms-win-crt-stdio-l1-1-0.dll
0x000007fef1600000 - 0x000007fef1604000 	C:\Windows\system32\api-ms-win-crt-convert-l1-1-0.dll
0x000007fef09d0000 - 0x000007fef0a6d000 	C:\Windows\system32\MSVCP140.dll
0x000007fef15f0000 - 0x000007fef15f3000 	C:\Windows\system32\api-ms-win-crt-locale-l1-1-0.dll
0x000007fef15e0000 - 0x000007fef15e5000 	C:\Windows\system32\api-ms-win-crt-math-l1-1-0.dll
0x000007fef15d0000 - 0x000007fef15d5000 	C:\Windows\system32\api-ms-win-crt-multibyte-l1-1-0.dll
0x000007fef15c0000 - 0x000007fef15c3000 	C:\Windows\system32\api-ms-win-crt-time-l1-1-0.dll
0x000007fef15b0000 - 0x000007fef15b3000 	C:\Windows\system32\api-ms-win-crt-filesystem-l1-1-0.dll
0x000007fef15a0000 - 0x000007fef15a3000 	C:\Windows\system32\api-ms-win-crt-environment-l1-1-0.dll
0x000007fef0980000 - 0x000007fef0983000 	C:\Windows\system32\api-ms-win-crt-utility-l1-1-0.dll
0x000007fef6ef0000 - 0x000007fef720e000 	C:\Windows\system32\msi.dll
0x000007feef500000 - 0x000007feefd82000 	C:\Program Files (x86)\Microsoft Office\root\VFS\ProgramFilesX64\Microsoft Office\Office16\1033\GrooveIntlResource.dll
0x000007feef430000 - 0x000007feef483000 	C:\Users\jingtian\AppData\Roaming\Dropbox\bin\DropboxExt64.17.0.dll
0x000007fefe1e0000 - 0x000007fefe3b7000 	C:\Windows\system32\SETUPAPI.dll
0x000007fefd800000 - 0x000007fefd836000 	C:\Windows\system32\CFGMGR32.dll
0x000007fefd840000 - 0x000007fefd85a000 	C:\Windows\system32\DEVOBJ.dll
0x000007fefba70000 - 0x000007fefbb9c000 	C:\Windows\system32\propsys.dll
0x000007fefb5b0000 - 0x000007fefb5dd000 	C:\Windows\system32\ntmarta.dll
0x000007fefeb60000 - 0x000007fefebb2000 	C:\Windows\system32\WLDAP32.dll
0x000007feef0b0000 - 0x000007feef0cf000 	C:\Windows\system32\thumbcache.dll
0x000007feef040000 - 0x000007feef0ab000 	C:\Windows\system32\PhotoMetadataHandler.dll
0x00000000743a0000 - 0x00000000743e1000 	C:\Program Files\Java\jre1.8.0_45\bin\t2k.dll
0x0000000012500000 - 0x0000000012531000 	C:\Program Files\ThinkPad\Bluetooth Software\btkeyind.dll
0x000007feeda10000 - 0x000007feeda4e000 	C:\jing2015Others\leap_DEMO\lib\LeapJava.dll
0x000007fef43f0000 - 0x000007fef4515000 	C:\Windows\system32\dbghelp.dll

VM Arguments:
jvm_args: -Djava.library.path=C:\Jing2015Others\leap_DEMO\lib\;C:/Program Files/Java/jre1.8.0_45/bin/server;C:/Program Files/Java/jre1.8.0_45/bin;C:/Program Files/Java/jre1.8.0_45/lib/amd64;C:\Program Files\Common Files\Microsoft Shared\Windows Live;C:\Program Files (x86)\Common Files\Microsoft Shared\Windows Live;C:\ProgramData\Oracle\Java\javapath;C:\Perl\site\bin;C:\Perl\bin;C:\Windows\system32;C:\Windows;C:\Windows\System32\Wbem;C:\Windows\System32\WindowsPowerShell\v1.0\;C:\Program Files (x86)\Intel\OpenCL SDK\2.0\bin\x86;C:\Program Files (x86)\Intel\OpenCL SDK\2.0\bin\x64;C:\Program Files\Intel\WiFi\bin\;C:\Program Files\Common Files\Intel\WirelessCommon\;C:\Program Files\Intel\DMIX;C:\Program Files (x86)\MiKTeX 2.9\miktex\bin\;C:\Program Files\MATLAB\R2014a\runtime\win64;C:\Program Files\MATLAB\R2014a\bin;C:\Program Files\MATLAB\R2014a\polyspace\bin; py_home;C:\Program Files\nodejs\;C:\Program Files (x86)\Windows Live\Shared; C:\Python34; C:\Python34\Scripts;C:\Program Files\ThinkPad\Bluetooth Software\;C:\Program Files\ThinkPad\Bluetooth Software\syswow64;C:\Program Files\Git\cmd;C:\Progra~1\Java\jdk1.8.0_45\bin;C:\Progra~1\Java\jdk1.8.0_45\jre\bin;C:\Progra~2\scala\bin;C:\Progra~2\scala\jre\bin; C:\Program Files\Common Files\Microsoft Shared\Windows Live;C:\Program Files (x86)\Common Files\Microsoft Shared\Windows Live;C:\ProgramData\Oracle\Java\javapath;C:\Perl\site\bin;C:\Perl\bin;C:\Windows\system32;C:\Windows;C:\Windows\System32\Wbem;C:\Windows\System32\WindowsPowerShell\v1.0\;C:\Program Files (x86)\Intel\OpenCL SDK\2.0\bin\x86;C:\Program Files (x86)\Intel\OpenCL SDK\2.0\bin\x64;C:\Program Files\Intel\WiFi\bin\;C:\Program Files\Common Files\Intel\WirelessCommon\;C:\Program Files\Intel\DMIX;C:\Program Files (x86)\MiKTeX 2.9\miktex\bin\;C:\Program Files\MATLAB\R2014a\runtime\win64;C:\Program Files\MATLAB\R2014a\bin;C:\Program Files\MATLAB\R2014a\polyspace\bin; py_home;C:\Program Files\nodejs\;C:\Program Files (x86)\Windows Live\Shared; C:\Python34; C:\Python34\Scr-Dfile.encoding=GBK 
java_command: LeapWriteDemo
java_class_path (initial): C:\Users\jingtian\workspace\leap_DEMO\bin;C:\jing2015Others\leap_DEMO\lib\jnisvmlight.jar;C:\jing2015Others\leap_DEMO\lib\LeapJava.jar
Launcher Type: SUN_STANDARD

Environment Variables:
JAVA_HOME=C:\Progra~1\Java\jdk1.8.0_45
CLASSPATH=.;C:\Progra~1\Java\jdk1.8.0_45\lib\dt.jar;C:\Progra~1\Java\jdk1.8.0_45\lib\tools.jar;
USERNAME=jingtian
OS=Windows_NT
PROCESSOR_IDENTIFIER=Intel64 Family 6 Model 42 Stepping 7, GenuineIntel



---------------  S Y S T E M  ---------------

OS: Windows 7 , 64 bit Build 7601 (6.1.7601.23807)

CPU:total 4 (2 cores per cpu, 2 threads per core) family 6 model 42 stepping 7, cmov, cx8, fxsr, mmx, sse, sse2, sse3, ssse3, sse4.1, sse4.2, popcnt, avx, aes, clmul, ht, tsc, tscinvbit

Memory: 4k page, physical 8269040k(1270348k free), swap 16536220k(8774352k free)

vm_info: Java HotSpot(TM) 64-Bit Server VM (25.45-b02) for windows-amd64 JRE (1.8.0_45-b15), built on Apr 30 2015 12:40:44 by "java_re" with MS VC++ 10.0 (VS2010)

time: Wed Aug 02 22:51:50 2017
elapsed time: 13 seconds (0d 0h 0m 13s)

